<?xml version="1.0" encoding="UTF-8"?>
<!-- Generated by org.testng.reporters.JUnitReportReporter -->
<testsuite hostname="KI-LAPTOP309" failures="0" tests="1" name="basics.GetRequest" time="1.689" errors="0" timestamp="2023-03-08T18:53:57 IST" skipped="0">
  <testcase classname="basics.GetRequest" name="getUsers" time="1.689"/>
  <system-out/>
</testsuite> <!-- basics.GetRequest -->
