<?xml version="1.0" encoding="UTF-8"?>
<!-- Generated by org.testng.reporters.JUnitReportReporter -->
<testsuite hostname="KI-LAPTOP309" failures="0" tests="1" name="basics.Get_SingleUser" time="2.395" errors="0" timestamp="2023-03-09T15:31:50 IST" skipped="0">
  <testcase classname="basics.Get_SingleUser" name="getSingleUser" time="2.395"/>
  <system-out/>
</testsuite> <!-- basics.Get_SingleUser -->
