<?xml version="1.0" encoding="UTF-8"?>
<!-- Generated by org.testng.reporters.JUnitReportReporter -->
<testsuite hostname="KI-LAPTOP309" failures="0" tests="6" name="basics.MockJasonResponse" time="1.442" errors="0" timestamp="2023-03-09T16:42:56 IST" skipped="0">
  <testcase classname="basics.MockJasonResponse" name="getCourseTitleAndPrice" time="1.139"/>
  <system-out/>
  <testcase classname="basics.MockJasonResponse" name="getPurchaseAmount" time="0.022"/>
  <system-out/>
  <testcase classname="basics.MockJasonResponse" name="validateTotalPrice" time="0.113"/>
  <system-out/>
  <testcase classname="basics.MockJasonResponse" name="noOfCoursesByAPI" time="0.017"/>
  <system-out/>
  <testcase classname="basics.MockJasonResponse" name="getRPAPrice" time="0.129"/>
  <system-out/>
  <testcase classname="basics.MockJasonResponse" name="getTitleofFirstCourse" time="0.022"/>
  <system-out/>
</testsuite> <!-- basics.MockJasonResponse -->
