<?xml version="1.0" encoding="UTF-8"?>
<!-- Generated by org.testng.reporters.JUnitReportReporter -->
<testsuite hostname="KI-LAPTOP309" failures="0" tests="1" name="basics.FetchDynamicArrayElements" time="2.038" errors="0" timestamp="2023-03-09T15:20:48 IST" skipped="0">
  <testcase classname="basics.FetchDynamicArrayElements" name="getUsers" time="2.038"/>
  <system-out/>
</testsuite> <!-- basics.FetchDynamicArrayElements -->
