<?xml version="1.0" encoding="UTF-8"?>
<!-- Generated by org.testng.reporters.JUnitReportReporter -->
<testsuite hostname="KI-LAPTOP309" failures="0" tests="1" name="basics.Get_SingleResourse" time="3.326" errors="0" timestamp="2023-03-09T15:01:15 IST" skipped="0">
  <testcase classname="basics.Get_SingleResourse" name="getSingleuser" time="3.326"/>
  <system-out/>
</testsuite> <!-- basics.Get_SingleResourse -->
